[2019-02-26 23:21:29.3340] - INFO - Reading from /Users/mac/Documents/Framer X/Hello, Framer X/text-input.framerfx (origin); preserving existing contents of project folder: true
[2019-02-26 23:21:29.4890] - INFO - Done reading
[2019-02-26 23:21:29.4900] - INFO - Marking changed: false
[2019-02-26 23:21:31.3490] - INFO - GET 200 /design/document.json 0 B (7ms)
[2019-02-26 23:21:39.7690] - INFO - GET 200 /node_modules/framer/build/framer.debug.js 0 B (5ms)
[2019-02-26 23:21:43.2810] - INFO - GET 200 /node_modules/framer/build/framer.debug.js 0 B (30ms)
[2019-02-26 23:21:46.0130] - DEBUG - [Save session: 0] Started, operation: saveOperation
[2019-02-26 23:21:46.0130] - DEBUG - [Save session: 0] Before container.writeChanges
[2019-02-26 23:21:46.0130] - DEBUG - [Save session: 0] Before waitUsingRecursiveRunLoop
[2019-02-26 23:21:46.0730] - DEBUG - [Save session: 0] Completed container.writeChanges
[2019-02-26 23:21:46.0730] - DEBUG - [Save session: 0] Completed waitUsingRecursiveRunLoop
[2019-02-26 23:21:46.0780] - INFO - Marking changed: false
[2019-02-26 23:21:46.1810] - DEBUG - [Save session: 0] Completed super.save
[2019-02-26 23:22:13.9090] - DEBUG - [Save session: 1] Started, operation: autosaveInPlaceOperation, implicitly cancellable
[2019-02-26 23:22:13.9090] - DEBUG - [Save session: 1] Before container.writeChanges
[2019-02-26 23:22:13.9100] - DEBUG - [Save session: 1] Before waitUsingRecursiveRunLoop
[2019-02-26 23:22:14.0360] - DEBUG - [Save session: 1] Completed container.writeChanges
[2019-02-26 23:22:14.0360] - DEBUG - [Save session: 1] Completed waitUsingRecursiveRunLoop
[2019-02-26 23:22:14.0460] - DEBUG - [Save session: 1] Completed super.save
[2019-02-26 23:22:30.6170] - INFO - Backing up to /Users/mac/Documents/Framer X/Hello, Framer X/text-input.framerfx/.backups/2019-02-26 23.22.30.zip
[2019-02-26 23:23:09.9820] - INFO - GET 200 /node_modules/framer/build/framer.debug.js 0 B (4ms)
[2019-02-26 23:23:15.3740] - INFO - GET 200 /node_modules/framer/build/framer.debug.js 0 B (5ms)
[2019-02-26 23:23:23.4640] - DEBUG - [Save session: 2] Started, operation: autosaveInPlaceOperation, implicitly cancellable
[2019-02-26 23:23:23.4640] - DEBUG - [Save session: 2] Before container.writeChanges
[2019-02-26 23:23:23.4640] - DEBUG - [Save session: 2] Before waitUsingRecursiveRunLoop
[2019-02-26 23:23:23.6790] - DEBUG - [Save session: 2] Completed container.writeChanges
[2019-02-26 23:23:23.6790] - DEBUG - [Save session: 2] Completed waitUsingRecursiveRunLoop
[2019-02-26 23:23:23.7060] - DEBUG - [Save session: 2] Completed super.save
[2019-02-26 23:23:31.1500] - INFO - Backing up to /Users/mac/Documents/Framer X/Hello, Framer X/text-input.framerfx/.backups/2019-02-26 23.23.31.zip
[2019-02-26 23:23:58.9000] - INFO - GET 200 /node_modules/framer/build/framer.debug.js 0 B (5ms)
[2019-02-26 23:24:31.5400] - INFO - Backing up to /Users/mac/Documents/Framer X/Hello, Framer X/text-input.framerfx/.backups/2019-02-26 23.24.31.zip
[2019-02-26 23:24:47.2480] - INFO - GET 200 /node_modules/framer/build/framer.debug.js 0 B (3ms)
[2019-02-26 23:24:50.5250] - DEBUG - [Save session: 3] Started, operation: autosaveInPlaceOperation, implicitly cancellable
[2019-02-26 23:24:50.5260] - DEBUG - [Save session: 3] Before container.writeChanges
[2019-02-26 23:24:50.5260] - DEBUG - [Save session: 3] Before waitUsingRecursiveRunLoop
[2019-02-26 23:24:50.6650] - DEBUG - [Save session: 3] Completed container.writeChanges
[2019-02-26 23:24:50.6650] - DEBUG - [Save session: 3] Completed waitUsingRecursiveRunLoop
[2019-02-26 23:24:50.6740] - DEBUG - [Save session: 3] Completed super.save
[2019-02-26 23:25:22.9840] - INFO - GET 200 /node_modules/framer/build/framer.debug.js 0 B (6ms)
[2019-02-26 23:25:27.6460] - INFO - GET 200 /node_modules/framer/build/framer.debug.js.map 0 B (9ms)
[2019-02-26 23:25:31.8690] - INFO - Backing up to /Users/mac/Documents/Framer X/Hello, Framer X/text-input.framerfx/.backups/2019-02-26 23.25.31.zip
[2019-02-26 23:25:35.9820] - INFO - GET 200 /node_modules/framer/build/framer.debug.js 0 B (5ms)
[2019-02-26 23:25:36.3270] - INFO - GET 200 /node_modules/framer/build/framer.debug.js.map 0 B (11ms)
[2019-02-26 23:26:09.6990] - DEBUG - [Save session: 4] Started, operation: autosaveInPlaceOperation, implicitly cancellable
[2019-02-26 23:26:09.6990] - DEBUG - [Save session: 4] Before container.writeChanges
[2019-02-26 23:26:09.6990] - DEBUG - [Save session: 4] Before waitUsingRecursiveRunLoop
[2019-02-26 23:26:09.7950] - DEBUG - [Save session: 4] Completed container.writeChanges
[2019-02-26 23:26:09.7950] - DEBUG - [Save session: 4] Completed waitUsingRecursiveRunLoop
[2019-02-26 23:26:09.8170] - DEBUG - [Save session: 4] Completed super.save
[2019-02-26 23:26:32.4930] - INFO - Backing up to /Users/mac/Documents/Framer X/Hello, Framer X/text-input.framerfx/.backups/2019-02-26 23.26.32.zip
[2019-02-26 23:27:32.8860] - INFO - Backing up to /Users/mac/Documents/Framer X/Hello, Framer X/text-input.framerfx/.backups/2019-02-26 23.27.32.zip
[2019-02-26 23:27:35.0710] - INFO - GET 200 /node_modules/framer/build/framer.debug.js 0 B (14ms)
[2019-02-26 23:27:35.3180] - INFO - GET 200 /node_modules/framer/build/framer.debug.js.map 0 B (12ms)
[2019-02-26 23:27:41.8080] - INFO - GET 200 /node_modules/framer/build/framer.debug.js 0 B (4ms)
[2019-02-26 23:27:42.0090] - INFO - GET 200 /node_modules/framer/build/framer.debug.js.map 0 B (5ms)
[2019-02-26 23:27:50.2910] - DEBUG - [Save session: 5] Started, operation: autosaveInPlaceOperation, implicitly cancellable
[2019-02-26 23:27:50.2910] - DEBUG - [Save session: 5] Before container.writeChanges
[2019-02-26 23:27:50.2910] - DEBUG - [Save session: 5] Before waitUsingRecursiveRunLoop
[2019-02-26 23:27:50.3800] - DEBUG - [Save session: 5] Completed container.writeChanges
[2019-02-26 23:27:50.3800] - DEBUG - [Save session: 5] Completed waitUsingRecursiveRunLoop
[2019-02-26 23:27:50.3860] - DEBUG - [Save session: 5] Completed super.save
[2019-02-26 23:28:02.5150] - INFO - GET 200 /node_modules/framer/build/framer.debug.js 0 B (5ms)
[2019-02-26 23:28:02.7290] - INFO - GET 200 /node_modules/framer/build/framer.debug.js.map 0 B (16ms)
[2019-02-26 23:28:10.4170] - DEBUG - [Save session: 6] Started, operation: autosaveInPlaceOperation, implicitly cancellable
[2019-02-26 23:28:10.4170] - DEBUG - [Save session: 6] Before container.writeChanges
[2019-02-26 23:28:10.4170] - DEBUG - [Save session: 6] Before waitUsingRecursiveRunLoop
[2019-02-26 23:28:10.5260] - DEBUG - [Save session: 6] Completed container.writeChanges
[2019-02-26 23:28:10.5280] - DEBUG - [Save session: 6] Completed waitUsingRecursiveRunLoop
[2019-02-26 23:28:10.5450] - DEBUG - [Save session: 6] Completed super.save
[2019-02-26 23:28:14.0840] - INFO - GET 200 /node_modules/framer/build/framer.debug.js 0 B (4ms)
[2019-02-26 23:28:14.3180] - INFO - GET 200 /node_modules/framer/build/framer.debug.js.map 0 B (2ms)
[2019-02-26 23:28:22.4260] - DEBUG - [Save session: 7] Started, operation: autosaveInPlaceOperation, implicitly cancellable
[2019-02-26 23:28:22.4260] - DEBUG - [Save session: 7] Before container.writeChanges
[2019-02-26 23:28:22.4260] - DEBUG - [Save session: 7] Before waitUsingRecursiveRunLoop
[2019-02-26 23:28:22.5420] - DEBUG - [Save session: 7] Completed container.writeChanges
[2019-02-26 23:28:22.5420] - DEBUG - [Save session: 7] Completed waitUsingRecursiveRunLoop
[2019-02-26 23:28:22.5530] - DEBUG - [Save session: 7] Completed super.save
[2019-02-26 23:28:33.1630] - INFO - Backing up to /Users/mac/Documents/Framer X/Hello, Framer X/text-input.framerfx/.backups/2019-02-26 23.28.33.zip
[2019-02-26 23:28:51.8690] - INFO - GET 200 /node_modules/framer/build/framer.debug.js 0 B (4ms)
[2019-02-26 23:28:52.1500] - INFO - GET 200 /node_modules/framer/build/framer.debug.js.map 0 B (5ms)
[2019-02-26 23:28:57.6380] - DEBUG - [Save session: 8] Started, operation: autosaveInPlaceOperation, implicitly cancellable
[2019-02-26 23:28:57.6380] - DEBUG - [Save session: 8] Before container.writeChanges
[2019-02-26 23:28:57.6380] - DEBUG - [Save session: 8] Before waitUsingRecursiveRunLoop
[2019-02-26 23:28:57.7260] - DEBUG - [Save session: 8] Completed container.writeChanges
[2019-02-26 23:28:57.7270] - DEBUG - [Save session: 8] Completed waitUsingRecursiveRunLoop
[2019-02-26 23:28:57.7370] - DEBUG - [Save session: 8] Completed super.save
[2019-02-26 23:29:03.2240] - INFO - GET 200 /node_modules/framer/build/framer.debug.js 0 B (13ms)
[2019-02-26 23:29:03.4360] - INFO - GET 200 /node_modules/framer/build/framer.debug.js.map 0 B (2ms)
[2019-02-26 23:29:13.6290] - DEBUG - [Save session: 9] Started, operation: saveOperation
[2019-02-26 23:29:13.6290] - DEBUG - [Save session: 9] Before container.writeChanges
[2019-02-26 23:29:13.6290] - DEBUG - [Save session: 9] Before waitUsingRecursiveRunLoop
[2019-02-26 23:29:13.6820] - DEBUG - [Save session: 9] Completed container.writeChanges
[2019-02-26 23:29:13.6820] - DEBUG - [Save session: 9] Completed waitUsingRecursiveRunLoop
[2019-02-26 23:29:13.6850] - INFO - Marking changed: false
[2019-02-26 23:29:13.6890] - DEBUG - [Save session: 9] Completed super.save
[2019-02-26 23:29:18.4060] - DEBUG - [Save session: 10] Started, operation: saveOperation
[2019-02-26 23:29:18.4060] - DEBUG - [Save session: 10] Before container.writeChanges
[2019-02-26 23:29:18.4060] - DEBUG - [Save session: 10] Before waitUsingRecursiveRunLoop
[2019-02-26 23:29:18.4570] - DEBUG - [Save session: 10] Completed container.writeChanges
[2019-02-26 23:29:18.4570] - DEBUG - [Save session: 10] Completed waitUsingRecursiveRunLoop
[2019-02-26 23:29:18.4590] - INFO - Marking changed: false
[2019-02-26 23:29:18.4640] - DEBUG - [Save session: 10] Completed super.save
[2019-02-26 23:29:27.6570] - DEBUG - [Save session: 11] Started, operation: saveOperation
[2019-02-26 23:29:27.6570] - DEBUG - [Save session: 11] Before container.writeChanges
[2019-02-26 23:29:27.6570] - DEBUG - [Save session: 11] Before waitUsingRecursiveRunLoop
[2019-02-26 23:29:27.7200] - DEBUG - [Save session: 11] Completed container.writeChanges
[2019-02-26 23:29:27.7210] - DEBUG - [Save session: 11] Completed waitUsingRecursiveRunLoop
[2019-02-26 23:29:27.7240] - INFO - Marking changed: false
[2019-02-26 23:29:27.7280] - DEBUG - [Save session: 11] Completed super.save
[2019-02-26 23:29:33.3360] - INFO - Backing up to /Users/mac/Documents/Framer X/Hello, Framer X/text-input.framerfx/.backups/2019-02-26 23.29.33.zip
[2019-02-26 23:29:50.4470] - INFO - Reading from /Users/mac/Documents/Framer X/Hello, Framer X/text-input.framerfx (origin); preserving existing contents of project folder: true
[2019-02-26 23:29:50.5600] - INFO - Done reading
[2019-02-26 23:29:50.5600] - INFO - Marking changed: false
[2019-02-26 23:29:52.2160] - INFO - GET 200 /design/document.json 0 B (10ms)
[2019-02-26 23:29:56.6580] - DEBUG - [Save session: 0] Started, operation: saveOperation
[2019-02-26 23:29:56.6580] - DEBUG - [Save session: 0] Before container.writeChanges
[2019-02-26 23:29:56.6590] - DEBUG - [Save session: 0] Before waitUsingRecursiveRunLoop
[2019-02-26 23:29:56.7620] - DEBUG - [Save session: 0] Completed container.writeChanges
[2019-02-26 23:29:56.7620] - DEBUG - [Save session: 0] Completed waitUsingRecursiveRunLoop
[2019-02-26 23:29:56.7660] - INFO - Marking changed: false
[2019-02-26 23:29:56.7720] - DEBUG - [Save session: 0] Completed super.save
[2019-02-26 23:29:56.8520] - INFO - GET 200 /node_modules/framer/build/framer.debug.js 0 B (5ms)
[2019-02-26 23:30:04.5400] - INFO - writing standalone output /Users/mac/Documents/Framer X/Hello, Framer X/text-input.framerfx/index.html
[2019-02-26 23:30:04.6090] - INFO - standalone export done: /Users/mac/A Carver/MAMP/Frame 12
[2019-02-26 23:30:05.0260] - DEBUG - [Save session: 1] Started, operation: autosaveInPlaceOperation, implicitly cancellable
[2019-02-26 23:30:05.0260] - DEBUG - [Save session: 1] Before container.writeChanges
[2019-02-26 23:30:05.0260] - DEBUG - [Save session: 1] Before waitUsingRecursiveRunLoop
[2019-02-26 23:30:05.1520] - DEBUG - [Save session: 1] Completed container.writeChanges
[2019-02-26 23:30:05.1550] - DEBUG - [Save session: 1] Completed waitUsingRecursiveRunLoop
[2019-02-26 23:30:05.1680] - DEBUG - [Save session: 1] Completed super.save
[2019-02-26 23:30:05.8460] - DEBUG - [Save session: 2] Started, operation: saveOperation
[2019-02-26 23:30:05.8460] - DEBUG - [Save session: 2] Before container.writeChanges
[2019-02-26 23:30:05.8490] - DEBUG - [Save session: 2] Before waitUsingRecursiveRunLoop
[2019-02-26 23:30:05.8490] - DEBUG - [Save session: 2] Completed container.writeChanges
[2019-02-26 23:30:05.8490] - DEBUG - [Save session: 2] Completed waitUsingRecursiveRunLoop
[2019-02-26 23:30:05.8500] - INFO - Marking changed: false
[2019-02-26 23:30:05.8540] - DEBUG - [Save session: 2] Completed super.save
[2019-02-26 23:30:35.0810] - INFO - Reading from /Users/mac/Documents/Framer X/Hello, Framer X/text-input.framerfx (origin); preserving existing contents of project folder: true
[2019-02-26 23:30:35.1740] - INFO - Done reading
[2019-02-26 23:30:35.1740] - INFO - Marking changed: false
[2019-02-26 23:30:36.8080] - INFO - GET 200 /design/document.json 0 B (9ms)
[2019-02-26 23:30:40.8350] - INFO - GET 200 /node_modules/framer/build/framer.debug.js 0 B (3ms)
[2019-02-26 23:30:53.3000] - DEBUG - [Save session: 0] Started, operation: autosaveInPlaceOperation, implicitly cancellable
[2019-02-26 23:30:53.3000] - DEBUG - [Save session: 0] Before container.writeChanges
[2019-02-26 23:30:53.3000] - DEBUG - [Save session: 0] Before waitUsingRecursiveRunLoop
[2019-02-26 23:30:53.4290] - DEBUG - [Save session: 0] Completed container.writeChanges
[2019-02-26 23:30:53.4310] - DEBUG - [Save session: 0] Completed waitUsingRecursiveRunLoop
[2019-02-26 23:30:53.4430] - DEBUG - [Save session: 0] Completed super.save
[2019-02-26 23:31:37.2320] - INFO - Backing up to /Users/mac/Documents/Framer X/Hello, Framer X/text-input.framerfx/.backups/2019-02-26 23.31.37.zip
[2019-02-26 23:38:32.7790] - DEBUG - [Save session: 1] Started, operation: autosaveInPlaceOperation, implicitly cancellable
[2019-02-26 23:38:32.7790] - DEBUG - [Save session: 1] Before container.writeChanges
[2019-02-26 23:38:32.7790] - DEBUG - [Save session: 1] Before waitUsingRecursiveRunLoop
[2019-02-26 23:38:32.9410] - DEBUG - [Save session: 1] Completed container.writeChanges
[2019-02-26 23:38:32.9410] - DEBUG - [Save session: 1] Completed waitUsingRecursiveRunLoop
[2019-02-26 23:38:32.9710] - DEBUG - [Save session: 1] Completed super.save
[2019-02-26 23:38:46.3390] - INFO - Backing up to /Users/mac/Documents/Framer X/Hello, Framer X/text-input.framerfx/.backups/2019-02-26 23.38.46.zip
[2019-02-26 23:39:02.0130] - DEBUG - [Save session: 2] Started, operation: autosaveInPlaceOperation, implicitly cancellable
[2019-02-26 23:39:02.0130] - DEBUG - [Save session: 2] Before container.writeChanges
[2019-02-26 23:39:02.0130] - DEBUG - [Save session: 2] Before waitUsingRecursiveRunLoop
[2019-02-26 23:39:02.1550] - DEBUG - [Save session: 2] Completed container.writeChanges
[2019-02-26 23:39:02.1550] - DEBUG - [Save session: 2] Completed waitUsingRecursiveRunLoop
[2019-02-26 23:39:02.1650] - DEBUG - [Save session: 2] Completed super.save
[2019-02-26 23:39:38.3680] - INFO - GET 200 /node_modules/framer/build/framer.debug.js 0 B (7ms)
[2019-02-26 23:39:41.8850] - DEBUG - [Save session: 3] Started, operation: autosaveInPlaceOperation, implicitly cancellable
[2019-02-26 23:39:41.8850] - DEBUG - [Save session: 3] Before container.writeChanges
[2019-02-26 23:39:41.8850] - DEBUG - [Save session: 3] Before waitUsingRecursiveRunLoop
[2019-02-26 23:39:41.9890] - DEBUG - [Save session: 3] Completed container.writeChanges
[2019-02-26 23:39:41.9890] - DEBUG - [Save session: 3] Completed waitUsingRecursiveRunLoop
[2019-02-26 23:39:42.0390] - DEBUG - [Save session: 3] Completed super.save
[2019-02-26 23:39:46.5300] - INFO - Backing up to /Users/mac/Documents/Framer X/Hello, Framer X/text-input.framerfx/.backups/2019-02-26 23.39.46.zip
[2019-02-26 23:39:51.0670] - DEBUG - [Save session: 4] Started, operation: autosaveInPlaceOperation, implicitly cancellable
[2019-02-26 23:39:51.0670] - DEBUG - [Save session: 4] Before container.writeChanges
[2019-02-26 23:39:51.0670] - DEBUG - [Save session: 4] Before waitUsingRecursiveRunLoop
[2019-02-26 23:39:51.1830] - DEBUG - [Save session: 4] Completed container.writeChanges
[2019-02-26 23:39:51.1840] - DEBUG - [Save session: 4] Completed waitUsingRecursiveRunLoop
[2019-02-26 23:39:51.1940] - DEBUG - [Save session: 4] Completed super.save
[2019-02-26 23:39:52.7160] - INFO - GET 200 /node_modules/framer/build/framer.debug.js 0 B (5ms)
[2019-02-26 23:40:16.5660] - DEBUG - [Save session: 5] Started, operation: autosaveInPlaceOperation, implicitly cancellable
[2019-02-26 23:40:16.5660] - DEBUG - [Save session: 5] Before container.writeChanges
[2019-02-26 23:40:16.5660] - DEBUG - [Save session: 5] Before waitUsingRecursiveRunLoop
[2019-02-26 23:40:16.6360] - DEBUG - [Save session: 5] Completed container.writeChanges
[2019-02-26 23:40:16.6360] - DEBUG - [Save session: 5] Completed waitUsingRecursiveRunLoop
[2019-02-26 23:40:16.6630] - DEBUG - [Save session: 5] Completed super.save
[2019-02-26 23:40:25.4280] - INFO - GET 200 /node_modules/framer/build/framer.debug.js 0 B (4ms)
[2019-02-26 23:40:46.8150] - INFO - Backing up to /Users/mac/Documents/Framer X/Hello, Framer X/text-input.framerfx/.backups/2019-02-26 23.40.46.zip
[2019-02-26 23:40:59.0470] - DEBUG - [Save session: 6] Started, operation: autosaveInPlaceOperation, implicitly cancellable
[2019-02-26 23:40:59.0480] - DEBUG - [Save session: 6] Before container.writeChanges
[2019-02-26 23:40:59.0480] - DEBUG - [Save session: 6] Before waitUsingRecursiveRunLoop
[2019-02-26 23:40:59.1210] - DEBUG - [Save session: 6] Completed container.writeChanges
[2019-02-26 23:40:59.1210] - DEBUG - [Save session: 6] Completed waitUsingRecursiveRunLoop
[2019-02-26 23:40:59.1290] - DEBUG - [Save session: 6] Completed super.save
[2019-02-26 23:41:09.9660] - DEBUG - [Save session: 7] Started, operation: autosaveInPlaceOperation, implicitly cancellable
[2019-02-26 23:41:09.9660] - DEBUG - [Save session: 7] Before container.writeChanges
[2019-02-26 23:41:09.9670] - DEBUG - [Save session: 7] Before waitUsingRecursiveRunLoop
[2019-02-26 23:41:10.1070] - DEBUG - [Save session: 7] Completed container.writeChanges
[2019-02-26 23:41:10.1080] - DEBUG - [Save session: 7] Completed waitUsingRecursiveRunLoop
[2019-02-26 23:41:10.1570] - DEBUG - [Save session: 7] Completed super.save
[2019-02-26 23:41:14.9790] - INFO - GET 200 /node_modules/framer/build/framer.debug.js 0 B (3ms)
[2019-02-26 23:41:18.5870] - DEBUG - [Save session: 8] Started, operation: autosaveInPlaceOperation, implicitly cancellable
[2019-02-26 23:41:18.5880] - DEBUG - [Save session: 8] Before container.writeChanges
[2019-02-26 23:41:18.5880] - DEBUG - [Save session: 8] Before waitUsingRecursiveRunLoop
[2019-02-26 23:41:18.6990] - DEBUG - [Save session: 8] Completed container.writeChanges
[2019-02-26 23:41:18.6990] - DEBUG - [Save session: 8] Completed waitUsingRecursiveRunLoop
[2019-02-26 23:41:18.7400] - DEBUG - [Save session: 8] Completed super.save
[2019-02-26 23:41:26.0070] - INFO - GET 200 /node_modules/framer/build/framer.debug.js 0 B (14ms)
[2019-02-26 23:41:34.8540] - DEBUG - [Save session: 9] Started, operation: saveOperation
[2019-02-26 23:41:34.8540] - DEBUG - [Save session: 9] Before container.writeChanges
[2019-02-26 23:41:34.8540] - DEBUG - [Save session: 9] Before waitUsingRecursiveRunLoop
[2019-02-26 23:41:34.9190] - DEBUG - [Save session: 9] Completed container.writeChanges
[2019-02-26 23:41:34.9190] - DEBUG - [Save session: 9] Completed waitUsingRecursiveRunLoop
[2019-02-26 23:41:34.9220] - INFO - Marking changed: false
[2019-02-26 23:41:34.9320] - DEBUG - [Save session: 9] Completed super.save
[2019-02-26 23:41:47.2050] - INFO - Backing up to /Users/mac/Documents/Framer X/Hello, Framer X/text-input.framerfx/.backups/2019-02-26 23.41.47.zip
[2019-02-26 23:41:49.5340] - INFO - GET 200 /node_modules/framer/build/framer.debug.js 0 B (4ms)
[2019-02-26 23:41:57.6010] - INFO - GET 200 /node_modules/framer/build/framer.debug.js 0 B (5ms)
[2019-02-26 23:42:05.1800] - DEBUG - [Save session: 10] Started, operation: autosaveInPlaceOperation, implicitly cancellable
[2019-02-26 23:42:05.1800] - DEBUG - [Save session: 10] Before container.writeChanges
[2019-02-26 23:42:05.1800] - DEBUG - [Save session: 10] Before waitUsingRecursiveRunLoop
[2019-02-26 23:42:05.3790] - DEBUG - [Save session: 10] Completed container.writeChanges
[2019-02-26 23:42:05.3790] - DEBUG - [Save session: 10] Completed waitUsingRecursiveRunLoop
[2019-02-26 23:42:05.3950] - DEBUG - [Save session: 10] Completed super.save
[2019-02-26 23:42:16.4330] - INFO - GET 200 /node_modules/framer/build/framer.debug.js 0 B (3ms)
[2019-02-26 23:42:20.9420] - DEBUG - [Save session: 11] Started, operation: autosaveInPlaceOperation, implicitly cancellable
[2019-02-26 23:42:20.9420] - DEBUG - [Save session: 11] Before container.writeChanges
[2019-02-26 23:42:20.9420] - DEBUG - [Save session: 11] Before waitUsingRecursiveRunLoop
[2019-02-26 23:42:21.0420] - DEBUG - [Save session: 11] Completed container.writeChanges
[2019-02-26 23:42:21.0420] - DEBUG - [Save session: 11] Completed waitUsingRecursiveRunLoop
[2019-02-26 23:42:21.0550] - DEBUG - [Save session: 11] Completed super.save
[2019-02-26 23:42:43.5110] - INFO - GET 200 /node_modules/framer/build/framer.debug.js 0 B (5ms)
[2019-02-26 23:42:48.6420] - INFO - Backing up to /Users/mac/Documents/Framer X/Hello, Framer X/text-input.framerfx/.backups/2019-02-26 23.42.48.zip
[2019-02-26 23:42:58.3610] - INFO - Reading from /Users/mac/Documents/Framer X/Hello, Framer X/text-input.framerfx (origin); preserving existing contents of project folder: true
[2019-02-26 23:42:58.4620] - INFO - Done reading
[2019-02-26 23:42:58.4630] - INFO - Marking changed: false
[2019-02-26 23:43:00.2730] - INFO - GET 200 /design/document.json 0 B (8ms)
[2019-02-26 23:43:05.6310] - INFO - { AssertionError [ERR_ASSERTION]: The expression evaluated to a falsy value:
[2019-02-26 23:43:05.6310] - INFO -   assert(this._lastBuildOutput)
[2019-02-26 23:43:05.6310] - INFO -     at Project.<anonymous> (/Applications/Framer X.app/Contents/Resources/Server/lib/project.js:100:13)
[2019-02-26 23:43:05.6310] - INFO -     at Generator.next (<anonymous>)
[2019-02-26 23:43:05.6310] - INFO -     at /Applications/Framer X.app/Contents/Resources/Server/lib/project.js:7:71
[2019-02-26 23:43:05.6310] - INFO -     at new Promise (<anonymous>)
[2019-02-26 23:43:05.6310] - INFO -     at __awaiter (/Applications/Framer X.app/Contents/Resources/Server/lib/project.js:3:12)
[2019-02-26 23:43:05.6320] - INFO -     at Project.buildStandalone (/Applications/Framer X.app/Contents/Resources/Server/lib/project.js:97:62)
[2019-02-26 23:43:05.6320] - INFO -     at Server.handleServerCommand (/Applications/Framer X.app/Contents/Resources/Server/lib/server.js:274:22)
[2019-02-26 23:43:05.6320] - INFO -     at Socket.socket.on.info (/Applications/Framer X.app/Contents/Resources/Server/lib/server.js:214:31)
[2019-02-26 23:43:05.6320] - INFO -     at Socket.emit (events.js:182:13)
[2019-02-26 23:43:05.6320] - INFO -     at /Applications/Framer X.app/Contents/Resources/Server/node_modules/socket.io/lib/socket.js:527:12
[2019-02-26 23:43:05.6320] - INFO -     at process._tickCallback (internal/process/next_tick.js:61:11)
[2019-02-26 23:43:05.6320] - INFO -   generatedMessage: true,
[2019-02-26 23:43:05.6320] - INFO -   name: 'AssertionError [ERR_ASSERTION]',
[2019-02-26 23:43:05.6320] - INFO -   code: 'ERR_ASSERTION',
[2019-02-26 23:43:05.6320] - INFO -   actual: null,
[2019-02-26 23:43:05.6320] - INFO -   expected: true,
[2019-02-26 23:43:05.6320] - INFO -   operator: '==' }
[2019-02-26 23:43:06.8870] - INFO - GET 200 /node_modules/framer/build/framer.debug.js 0 B (41ms)
[2019-02-26 23:43:09.3850] - DEBUG - [Save session: 0] Started, operation: saveOperation
[2019-02-26 23:43:09.3850] - DEBUG - [Save session: 0] Before container.writeChanges
[2019-02-26 23:43:09.3850] - DEBUG - [Save session: 0] Before waitUsingRecursiveRunLoop
[2019-02-26 23:43:09.4530] - DEBUG - [Save session: 0] Completed container.writeChanges
[2019-02-26 23:43:09.4530] - DEBUG - [Save session: 0] Completed waitUsingRecursiveRunLoop
[2019-02-26 23:43:09.4560] - INFO - Marking changed: false
[2019-02-26 23:43:09.4620] - DEBUG - [Save session: 0] Completed super.save
